<?xml version='1.0' encoding='UTF-8' ?>
<testsuite name="ca.dal.cs.csci3130.g01.ExampleInstrumentedTest" tests="12" failures="0" errors="0" skipped="0" time="61.411" timestamp="2023-03-19T00:04:50" hostname="localhost">
  <properties>
    <property name="device" value="Pixel_6_Pro_API_33(AVD) - 13" />
    <property name="flavor" value="" />
    <property name="project" value=":app" />
  </properties>
  <testcase name="checkIfSwitchedToRegisterPage" classname="ca.dal.cs.csci3130.g01.ExampleInstrumentedTest" time="4.226" />
  <testcase name="checkIfSwitchedToListPage" classname="ca.dal.cs.csci3130.g01.ExampleInstrumentedTest" time="5.473" />
  <testcase name="checkIfFieldsNotEmpty" classname="ca.dal.cs.csci3130.g01.ExampleInstrumentedTest" time="4.684" />
  <testcase name="checkIfFieldsAreEmpty" classname="ca.dal.cs.csci3130.g01.ExampleInstrumentedTest" time="3.438" />
  <testcase name="testProfileLabels" classname="ca.dal.cs.csci3130.g01.ExampleInstrumentedTest" time="4.37" />
  <testcase name="useAppContext" classname="ca.dal.cs.csci3130.g01.ExampleInstrumentedTest" time="1.278" />
  <testcase name="testSendEmail" classname="ca.dal.cs.csci3130.g01.ExampleInstrumentedTest" time="12.824" />
  <testcase name="switchToAddProduct" classname="ca.dal.cs.csci3130.g01.ExampleInstrumentedTest" time="2.622" />
  <testcase name="testToolbarIsDisplayed" classname="ca.dal.cs.csci3130.g01.ExampleInstrumentedTest" time="2.48" />
  <testcase name="checkIfIncorrectLogin" classname="ca.dal.cs.csci3130.g01.ExampleInstrumentedTest" time="2.448" />
  <testcase name="testAddProductIsEmpty" classname="ca.dal.cs.csci3130.g01.ExampleInstrumentedTest" time="3.811" />
  <testcase name="testAddProductIsNotEmpty" classname="ca.dal.cs.csci3130.g01.ExampleInstrumentedTest" time="3.976" />
</testsuite>